[quick-pddl] Loading cached DINOv3 features...
[quick-pddl]   Loaded features from /home/claudeuser/RL4VLA/PDDL/experiments/aepaq_1779595345/features.pt: (7560, 196, 256)
[quick-pddl] 
[quick-pddl] Compiling PDDL domain...
[quick-pddl]   32 atoms, 16 actions
[quick-pddl] 
[quick-pddl] Enumerating states...
[quick-pddl]   840 states, feat_per_state=9
[quick-pddl]   Val: 1134, Test: 1134, Pool: 5292
[quick-pddl] 
[quick-pddl] Preparing transition data...
[quick-pddl]   Building transition cache...
[quick-pddl]   Adjacent transitions: 4053
[quick-pddl]   Random pairs: 0
[quick-pddl]   Transition masks (pddl): pre=1.00 add=2.00 del=0.00 frame=30.00
[quick-pddl]   Saved transition cache: experiments/fewshot_transition_cache_pddl_quick.pt
[quick-pddl]   Adjacent transitions: 4053
[quick-pddl]   Random pairs: 0
[quick-pddl] 
[quick-pddl] ######################################################################
[quick-pddl] # FEW-SHOT K=2 labeled visual samples/images
[quick-pddl] ######################################################################
[quick-pddl]   Train: 2 visual samples covering 2 states
[quick-pddl]   Transitions: 4053
[quick-pddl]   Conditions: ['static']
[quick-pddl]   Transition mask source: pddl
[quick-pddl] 
[quick-pddl] ============================================================
[quick-pddl] Condition: static
[quick-pddl]   C1: Pointwise Correctness only
[quick-pddl]   State samples: 2
[quick-pddl]   Transition samples: 0
[quick-pddl]   Model params: {'total': 3081093, 'trainable': 3081093}
[quick-pddl]   Seed pos_weight: mean=0.86 min=0.25 max=1.00
[quick-pddl] ============================================================
[quick-pddl]   [static] Epoch   1/1 | type=0.690 seed=0.642 contrast=1.043 | F1=0.400 MacroF1=0.386 TypeAcc=0.679 Pred+=1.000 Thr=0.05
[quick-pddl] 
[quick-pddl] ==========================================================================================
[quick-pddl] STRUCTURAL EXPERIMENT: Does action structure improve grounding?
[quick-pddl]   All conditions use the SAME labeled frames.
[quick-pddl]   Difference is ONLY in transition constraints.
[quick-pddl] ==========================================================================================
[quick-pddl] 
[quick-pddl] Condition                  F1       EM  TypeAcc        P        R
[quick-pddl] ------------------------------------------------------------
[quick-pddl] static                  0.400    0.000    0.675    0.250    1.000
[quick-pddl] 
[quick-pddl] Improvement over Static Grounding:
[quick-pddl] 
[quick-pddl] ==========================================================================================
[quick-pddl] FEW-SHOT STRUCTURAL EXPERIMENT (Real DINOv3 Features)
[quick-pddl]   840 total states, 588 pool for sampling
[quick-pddl]   4053 transitions, 1 epochs per condition
[quick-pddl]   Few-shot unit: image
[quick-pddl]   Transition mask source: pddl
[quick-pddl]   Transition warmup epochs: 1
[quick-pddl]   Conditions: ['static']
[quick-pddl] ==========================================================================================
[quick-pddl] 
[quick-pddl]      K     Unit  Samples   States |         static |  Δ(adj-st) Δ(full-st)
[quick-pddl] --------------------------------------------------------------------------
[quick-pddl]      2    image        2        2 |          0.400 |       +nan       +nan
[quick-pddl] 
[quick-pddl] Results saved to /home/claudeuser/RL4VLA/PDDL/experiments/quick_real_dinov3_pddl_20260530_192416
