[K100-gpu2] Loading cached DINOv3 features...
[K100-gpu2]   Loaded features from /home/claudeuser/RL4VLA/PDDL/experiments/aepaq_1779595345/features.pt: (7560, 196, 256)
[K100-gpu2] 
[K100-gpu2] Compiling PDDL domain...
[K100-gpu2]   32 atoms, 16 actions
[K100-gpu2] 
[K100-gpu2] Enumerating states...
[K100-gpu2]   840 states, feat_per_state=9
[K100-gpu2]   Val: 1134, Test: 1134, Pool: 5292
[K100-gpu2] 
[K100-gpu2] Preparing transition data...
[K100-gpu2]   Loaded transition cache: experiments/fewshot_transition_cache_state_diff.pt
[K100-gpu2]   Adjacent transitions: 4053
[K100-gpu2]   Random pairs: 0
[K100-gpu2] 
[K100-gpu2] ######################################################################
[K100-gpu2] # FEW-SHOT K=100 labeled visual samples/images
[K100-gpu2] ######################################################################
[K100-gpu2]   Train: 100 visual samples covering 94 states
[K100-gpu2]   Transitions: 4053
[K100-gpu2]   Conditions: ['full']
[K100-gpu2]   Transition mask source: state_diff
[K100-gpu2] 
[K100-gpu2] ============================================================
[K100-gpu2] Condition: full
[K100-gpu2]   C1 + C2 + C3: Pointwise + Equivariance + Counterfactual
[K100-gpu2]   State samples: 100
[K100-gpu2]   Transition samples: 4053
[K100-gpu2]   Model params: {'total': 3508360, 'trainable': 3508360}
[K100-gpu2]   Seed pos_weight: mean=4.57 min=0.52 max=19.00
[K100-gpu2] ============================================================
[K100-gpu2]   [full] Epoch   1/80 | type=0.020 seed=0.031 contrast=0.032 equiv=0.833 pre=0.196 eff=0.730 frame=0.011 cf=1.497 cf_viol=0.969
[K100-gpu2]   [full] Epoch   2/80 | type=0.018 seed=0.032 contrast=0.031 equiv=0.691 pre=0.160 eff=0.554 frame=0.114 cf=1.130 cf_viol=0.917
[K100-gpu2]   [full] Epoch   3/80 | type=0.012 seed=0.021 contrast=0.029 equiv=0.279 pre=0.048 eff=0.174 frame=0.161 cf=0.352 cf_viol=0.584
[K100-gpu2]   [full] Epoch   4/80 | type=0.011 seed=0.010 contrast=0.025 equiv=0.101 pre=0.027 eff=0.046 frame=0.084 cf=0.208 cf_viol=0.313
[K100-gpu2]   [full] Epoch   5/80 | type=0.009 seed=0.005 contrast=0.025 equiv=0.064 pre=0.016 eff=0.028 frame=0.055 cf=0.184 cf_viol=0.260 | F1=0.854 MacroF1=0.836 TypeAcc=0.997 Pred+=0.334 Thr=0.05
[K100-gpu2]   [full] Epoch   6/80 | type=0.006 seed=0.005 contrast=0.023 equiv=0.036 pre=0.009 eff=0.011 frame=0.041 cf=0.170 cf_viol=0.231
[K100-gpu2]   [full] Epoch   7/80 | type=0.005 seed=0.005 contrast=0.023 equiv=0.038 pre=0.010 eff=0.014 frame=0.038 cf=0.170 cf_viol=0.226
[K100-gpu2]   [full] Epoch   8/80 | type=0.004 seed=0.005 contrast=0.023 equiv=0.034 pre=0.011 eff=0.011 frame=0.035 cf=0.169 cf_viol=0.226
[K100-gpu2]   [full] Epoch   9/80 | type=0.002 seed=0.007 contrast=0.024 equiv=0.029 pre=0.009 eff=0.008 frame=0.032 cf=0.167 cf_viol=0.222
[K100-gpu2]   [full] Epoch  10/80 | type=0.002 seed=0.004 contrast=0.023 equiv=0.018 pre=0.005 eff=0.003 frame=0.026 cf=0.162 cf_viol=0.210 | F1=0.922 MacroF1=0.900 TypeAcc=0.998 Pred+=0.291 Thr=0.05
[K100-gpu2]   [full] Epoch  11/80 | type=0.002 seed=0.003 contrast=0.022 equiv=0.013 pre=0.001 eff=0.001 frame=0.022 cf=0.159 cf_viol=0.203
[K100-gpu2]   [full] Epoch  12/80 | type=0.002 seed=0.001 contrast=0.021 equiv=0.010 pre=0.001 eff=0.001 frame=0.017 cf=0.158 cf_viol=0.202
[K100-gpu2]   [full] Epoch  13/80 | type=0.001 seed=0.001 contrast=0.021 equiv=0.011 pre=0.001 eff=0.003 frame=0.015 cf=0.159 cf_viol=0.205
[K100-gpu2]   [full] Epoch  14/80 | type=0.001 seed=0.001 contrast=0.020 equiv=0.019 pre=0.005 eff=0.007 frame=0.017 cf=0.163 cf_viol=0.211
[K100-gpu2]   [full] Epoch  15/80 | type=0.001 seed=0.001 contrast=0.021 equiv=0.033 pre=0.009 eff=0.018 frame=0.020 cf=0.170 cf_viol=0.226 | F1=0.921 MacroF1=0.904 TypeAcc=0.999 Pred+=0.291 Thr=0.05
[K100-gpu2]   [full] Epoch  16/80 | type=0.001 seed=0.001 contrast=0.022 equiv=0.025 pre=0.005 eff=0.013 frame=0.017 cf=0.166 cf_viol=0.217
[K100-gpu2]   [full] Epoch  17/80 | type=0.001 seed=0.007 contrast=0.021 equiv=0.042 pre=0.016 eff=0.019 frame=0.030 cf=0.176 cf_viol=0.242
[K100-gpu2]   [full] Epoch  18/80 | type=0.001 seed=0.002 contrast=0.027 equiv=0.021 pre=0.007 eff=0.009 frame=0.019 cf=0.164 cf_viol=0.216
[K100-gpu2]   [full] Epoch  19/80 | type=0.001 seed=0.001 contrast=0.025 equiv=0.006 pre=0.001 eff=0.001 frame=0.008 cf=0.158 cf_viol=0.201
[K100-gpu2]   [full] Epoch  20/80 | type=0.001 seed=0.000 contrast=0.023 equiv=0.003 pre=0.000 eff=0.000 frame=0.006 cf=0.157 cf_viol=0.199 | F1=0.977 MacroF1=0.966 TypeAcc=0.999 Pred+=0.261 Thr=0.05
[K100-gpu2]   [full] Epoch  21/80 | type=0.000 seed=0.000 contrast=0.024 equiv=0.003 pre=0.000 eff=0.000 frame=0.005 cf=0.157 cf_viol=0.198
