[K200-gpu3] Loading cached DINOv3 features...
[K200-gpu3]   Loaded features from /home/claudeuser/RL4VLA/PDDL/experiments/aepaq_1779595345/features.pt: (7560, 196, 256)
[K200-gpu3] 
[K200-gpu3] Compiling PDDL domain...
[K200-gpu3]   32 atoms, 16 actions
[K200-gpu3] 
[K200-gpu3] Enumerating states...
[K200-gpu3]   840 states, feat_per_state=9
[K200-gpu3]   Val: 1134, Test: 1134, Pool: 5292
[K200-gpu3] 
[K200-gpu3] Preparing transition data...
[K200-gpu3]   Loaded transition cache: experiments/fewshot_transition_cache_state_diff.pt
[K200-gpu3]   Adjacent transitions: 4053
[K200-gpu3]   Random pairs: 0
[K200-gpu3] 
[K200-gpu3] ######################################################################
[K200-gpu3] # FEW-SHOT K=200 labeled visual samples/images
[K200-gpu3] ######################################################################
[K200-gpu3]   Train: 200 visual samples covering 171 states
[K200-gpu3]   Transitions: 4053
[K200-gpu3]   Conditions: ['full']
[K200-gpu3]   Transition mask source: state_diff
[K200-gpu3] 
[K200-gpu3] ============================================================
[K200-gpu3] Condition: full
[K200-gpu3]   C1 + C2 + C3: Pointwise + Equivariance + Counterfactual
[K200-gpu3]   State samples: 200
[K200-gpu3]   Transition samples: 4053
[K200-gpu3]   Model params: {'total': 3508360, 'trainable': 3508360}
[K200-gpu3]   Seed pos_weight: mean=3.95 min=0.72 max=8.52
[K200-gpu3] ============================================================
[K200-gpu3]   [full] Epoch   1/80 | type=0.033 seed=0.054 contrast=0.054 equiv=0.814 pre=0.190 eff=0.713 frame=0.012 cf=1.462 cf_viol=0.948
[K200-gpu3]   [full] Epoch   2/80 | type=0.020 seed=0.054 contrast=0.054 equiv=0.756 pre=0.183 eff=0.610 frame=0.110 cf=1.215 cf_viol=0.928
[K200-gpu3]   [full] Epoch   3/80 | type=0.012 seed=0.040 contrast=0.050 equiv=0.434 pre=0.084 eff=0.301 frame=0.181 cf=0.559 cf_viol=0.745
[K200-gpu3]   [full] Epoch   4/80 | type=0.009 seed=0.030 contrast=0.048 equiv=0.148 pre=0.028 eff=0.079 frame=0.110 cf=0.231 cf_viol=0.379
[K200-gpu3]   [full] Epoch   5/80 | type=0.008 seed=0.011 contrast=0.048 equiv=0.065 pre=0.019 eff=0.027 frame=0.057 cf=0.182 cf_viol=0.260 | F1=0.853 MacroF1=0.835 TypeAcc=0.997 Pred+=0.334 Thr=0.05
[K200-gpu3]   [full] Epoch   6/80 | type=0.004 seed=0.008 contrast=0.048 equiv=0.036 pre=0.011 eff=0.011 frame=0.038 cf=0.168 cf_viol=0.229
[K200-gpu3]   [full] Epoch   7/80 | type=0.003 seed=0.014 contrast=0.047 equiv=0.056 pre=0.019 eff=0.024 frame=0.044 cf=0.173 cf_viol=0.242
[K200-gpu3]   [full] Epoch   8/80 | type=0.002 seed=0.009 contrast=0.047 equiv=0.035 pre=0.010 eff=0.013 frame=0.033 cf=0.166 cf_viol=0.223
[K200-gpu3]   [full] Epoch   9/80 | type=0.002 seed=0.007 contrast=0.045 equiv=0.020 pre=0.004 eff=0.005 frame=0.026 cf=0.158 cf_viol=0.204
[K200-gpu3]   [full] Epoch  10/80 | type=0.001 seed=0.006 contrast=0.041 equiv=0.018 pre=0.004 eff=0.003 frame=0.025 cf=0.158 cf_viol=0.205 | F1=0.925 MacroF1=0.901 TypeAcc=0.999 Pred+=0.289 Thr=0.05
[K200-gpu3]   [full] Epoch  11/80 | type=0.001 seed=0.004 contrast=0.043 equiv=0.014 pre=0.001 eff=0.004 frame=0.020 cf=0.156 cf_viol=0.200
[K200-gpu3]   [full] Epoch  12/80 | type=0.001 seed=0.002 contrast=0.038 equiv=0.008 pre=0.001 eff=0.001 frame=0.013 cf=0.154 cf_viol=0.198
[K200-gpu3]   [full] Epoch  13/80 | type=0.001 seed=0.002 contrast=0.035 equiv=0.034 pre=0.008 eff=0.019 frame=0.021 cf=0.162 cf_viol=0.213
[K200-gpu3]   [full] Epoch  14/80 | type=0.001 seed=0.001 contrast=0.041 equiv=0.011 pre=0.003 eff=0.004 frame=0.012 cf=0.157 cf_viol=0.202
[K200-gpu3]   [full] Epoch  15/80 | type=0.000 seed=0.001 contrast=0.038 equiv=0.007 pre=0.002 eff=0.002 frame=0.008 cf=0.155 cf_viol=0.197 | F1=0.949 MacroF1=0.931 TypeAcc=0.996 Pred+=0.273 Thr=0.05
[K200-gpu3]   [full] Epoch  16/80 | type=0.001 seed=0.002 contrast=0.036 equiv=0.009 pre=0.004 eff=0.003 frame=0.009 cf=0.156 cf_viol=0.201
[K200-gpu3]   [full] Epoch  17/80 | type=0.000 seed=0.000 contrast=0.036 equiv=0.003 pre=0.000 eff=0.000 frame=0.005 cf=0.153 cf_viol=0.194
[K200-gpu3]   [full] Epoch  18/80 | type=0.000 seed=0.000 contrast=0.035 equiv=0.002 pre=0.000 eff=0.000 frame=0.004 cf=0.153 cf_viol=0.194
[K200-gpu3]   [full] Epoch  19/80 | type=0.000 seed=0.000 contrast=0.035 equiv=0.002 pre=0.000 eff=0.000 frame=0.004 cf=0.153 cf_viol=0.194
[K200-gpu3]   [full] Epoch  20/80 | type=0.000 seed=0.000 contrast=0.035 equiv=0.001 pre=0.000 eff=0.000 frame=0.003 cf=0.153 cf_viol=0.193 | F1=0.987 MacroF1=0.982 TypeAcc=1.000 Pred+=0.255 Thr=0.05
[K200-gpu3]   [full] Epoch  21/80 | type=0.000 seed=0.000 contrast=0.034 equiv=0.001 pre=0.000 eff=0.000 frame=0.002 cf=0.153 cf_viol=0.193
