[pddl-pos1-nowarm] Loading cached DINOv3 features...
[pddl-pos1-nowarm]   Loaded features from /home/claudeuser/RL4VLA/PDDL/experiments/aepaq_1779595345/features.pt: (7560, 196, 256)
[pddl-pos1-nowarm] 
[pddl-pos1-nowarm] Compiling PDDL domain...
[pddl-pos1-nowarm]   32 atoms, 16 actions
[pddl-pos1-nowarm] 
[pddl-pos1-nowarm] Enumerating states...
[pddl-pos1-nowarm]   840 states, feat_per_state=9
[pddl-pos1-nowarm]   Val: 1134, Test: 1134, Pool: 5292
[pddl-pos1-nowarm] 
[pddl-pos1-nowarm] Preparing transition data...
[pddl-pos1-nowarm]   Loaded transition cache: experiments/fewshot_transition_cache_pddl.pt
[pddl-pos1-nowarm]   Adjacent transitions: 4053
[pddl-pos1-nowarm]   Random pairs: 0
[pddl-pos1-nowarm]   Transition samples used per epoch: adjacent=1024 random=0
[pddl-pos1-nowarm] 
[pddl-pos1-nowarm] ######################################################################
[pddl-pos1-nowarm] # FEW-SHOT K=20 labeled visual samples/images
[pddl-pos1-nowarm] ######################################################################
[pddl-pos1-nowarm]   Train: 20 visual samples covering 20 states
[pddl-pos1-nowarm]   Transitions: 1024
[pddl-pos1-nowarm]   Conditions: ['static', 'adjacent', 'full']
[pddl-pos1-nowarm]   Transition mask source: pddl
[pddl-pos1-nowarm] 
[pddl-pos1-nowarm] ============================================================
[pddl-pos1-nowarm] Condition: static
[pddl-pos1-nowarm]   C1: Pointwise Correctness only
[pddl-pos1-nowarm]   State samples: 20
[pddl-pos1-nowarm]   Transition samples: 0
[pddl-pos1-nowarm]   Model params: {'total': 3081093, 'trainable': 3081093}
[pddl-pos1-nowarm]   Seed pos_weight: mean=0.98 min=0.67 max=1.00
[pddl-pos1-nowarm] ============================================================
[pddl-pos1-nowarm]   [static] Epoch   1/40 | type=0.693 seed=0.724 contrast=1.044
[pddl-pos1-nowarm]   [static] Epoch   2/40 | type=0.686 seed=0.670 contrast=1.044
[pddl-pos1-nowarm]   [static] Epoch   3/40 | type=0.678 seed=0.628 contrast=1.046
[pddl-pos1-nowarm]   [static] Epoch   4/40 | type=0.671 seed=0.597 contrast=1.050
[pddl-pos1-nowarm]   [static] Epoch   5/40 | type=0.668 seed=0.573 contrast=1.053 | F1=0.400 MacroF1=0.386 TypeAcc=0.655 Pred+=1.000 Thr=0.05
[pddl-pos1-nowarm]   [static] Epoch   6/40 | type=0.658 seed=0.553 contrast=1.056
[pddl-pos1-nowarm]   [static] Epoch   7/40 | type=0.650 seed=0.538 contrast=1.059
[pddl-pos1-nowarm]   [static] Epoch   8/40 | type=0.644 seed=0.529 contrast=1.061
[pddl-pos1-nowarm]   [static] Epoch   9/40 | type=0.634 seed=0.524 contrast=1.064
[pddl-pos1-nowarm]   [static] Epoch  10/40 | type=0.620 seed=0.524 contrast=1.065 | F1=0.400 MacroF1=0.386 TypeAcc=0.985 Pred+=1.000 Thr=0.05
[pddl-pos1-nowarm]   [static] Epoch  11/40 | type=0.608 seed=0.527 contrast=1.066
[pddl-pos1-nowarm]   [static] Epoch  12/40 | type=0.594 seed=0.530 contrast=1.067
[pddl-pos1-nowarm]   [static] Epoch  13/40 | type=0.573 seed=0.532 contrast=1.067
[pddl-pos1-nowarm]   [static] Epoch  14/40 | type=0.544 seed=0.531 contrast=1.067
[pddl-pos1-nowarm]   [static] Epoch  15/40 | type=0.520 seed=0.529 contrast=1.067 | F1=0.400 MacroF1=0.386 TypeAcc=0.994 Pred+=1.000 Thr=0.05
[pddl-pos1-nowarm]   [static] Epoch  16/40 | type=0.491 seed=0.527 contrast=1.066
[pddl-pos1-nowarm]   [static] Epoch  17/40 | type=0.456 seed=0.525 contrast=1.066
[pddl-pos1-nowarm]   [static] Epoch  18/40 | type=0.419 seed=0.523 contrast=1.065
[pddl-pos1-nowarm]   [static] Epoch  19/40 | type=0.374 seed=0.522 contrast=1.064
[pddl-pos1-nowarm]   [static] Epoch  20/40 | type=0.335 seed=0.523 contrast=1.063 | F1=0.400 MacroF1=0.386 TypeAcc=0.996 Pred+=1.000 Thr=0.05
[pddl-pos1-nowarm]   [static] Epoch  21/40 | type=0.301 seed=0.523 contrast=1.061
[pddl-pos1-nowarm]   [static] Epoch  22/40 | type=0.266 seed=0.525 contrast=1.060
[pddl-pos1-nowarm]   [static] Epoch  23/40 | type=0.235 seed=0.526 contrast=1.059
[pddl-pos1-nowarm]   [static] Epoch  24/40 | type=0.209 seed=0.526 contrast=1.058
[pddl-pos1-nowarm]   [static] Epoch  25/40 | type=0.184 seed=0.527 contrast=1.057 | F1=0.400 MacroF1=0.386 TypeAcc=0.999 Pred+=1.000 Thr=0.05
[pddl-pos1-nowarm]   [static] Epoch  26/40 | type=0.170 seed=0.526 contrast=1.056
[pddl-pos1-nowarm]   [static] Epoch  27/40 | type=0.153 seed=0.526 contrast=1.056
[pddl-pos1-nowarm]   [static] Epoch  28/40 | type=0.140 seed=0.525 contrast=1.056
[pddl-pos1-nowarm]   [static] Epoch  29/40 | type=0.128 seed=0.524 contrast=1.056
[pddl-pos1-nowarm]   [static] Epoch  30/40 | type=0.123 seed=0.523 contrast=1.056 | F1=0.400 MacroF1=0.386 TypeAcc=1.000 Pred+=1.000 Thr=0.05
[pddl-pos1-nowarm]   [static] Epoch  31/40 | type=0.116 seed=0.523 contrast=1.056
[pddl-pos1-nowarm]   [static] Epoch  32/40 | type=0.112 seed=0.522 contrast=1.056
[pddl-pos1-nowarm]   [static] Epoch  33/40 | type=0.109 seed=0.521 contrast=1.056
[pddl-pos1-nowarm]   [static] Epoch  34/40 | type=0.107 seed=0.521 contrast=1.056
[pddl-pos1-nowarm]   [static] Epoch  35/40 | type=0.103 seed=0.521 contrast=1.056 | F1=0.400 MacroF1=0.386 TypeAcc=1.000 Pred+=1.000 Thr=0.05
[pddl-pos1-nowarm]   [static] Epoch  36/40 | type=0.102 seed=0.520 contrast=1.056
[pddl-pos1-nowarm]   [static] Epoch  37/40 | type=0.099 seed=0.520 contrast=1.056
[pddl-pos1-nowarm]   [static] Epoch  38/40 | type=0.100 seed=0.520 contrast=1.056
[pddl-pos1-nowarm]   [static] Epoch  39/40 | type=0.097 seed=0.520 contrast=1.056
