[K100-gpu2] Loading cached DINOv3 features...
[K100-gpu2]   Loaded features from /home/claudeuser/RL4VLA/PDDL/experiments/aepaq_1779595345/features.pt: (7560, 196, 256)
[K100-gpu2] 
[K100-gpu2] Compiling PDDL domain...
[K100-gpu2]   32 atoms, 16 actions
[K100-gpu2] 
[K100-gpu2] Enumerating states...
[K100-gpu2]   840 states, feat_per_state=9
[K100-gpu2]   Val: 1134, Test: 1134, Pool: 5292
[K100-gpu2] 
[K100-gpu2] Preparing transition data...
[K100-gpu2]   Loaded transition cache: experiments/fewshot_transition_cache_state_diff.pt
[K100-gpu2]   Adjacent transitions: 4053
[K100-gpu2]   Random pairs: 0
[K100-gpu2] 
[K100-gpu2] ######################################################################
[K100-gpu2] # FEW-SHOT K=100 labeled visual samples/images
[K100-gpu2] ######################################################################
[K100-gpu2]   Train: 100 visual samples covering 94 states
[K100-gpu2]   Transitions: 4053
[K100-gpu2]   Conditions: ['full']
[K100-gpu2]   Transition mask source: state_diff
[K100-gpu2] 
[K100-gpu2] ============================================================
[K100-gpu2] Condition: full
[K100-gpu2]   C1 + C2 + C3: Pointwise + Equivariance + Counterfactual
[K100-gpu2]   State samples: 100
[K100-gpu2]   Transition samples: 4053
[K100-gpu2]   Model params: {'total': 3508360, 'trainable': 3508360}
[K100-gpu2]   Seed pos_weight: mean=4.57 min=0.52 max=19.00
[K100-gpu2] ============================================================
[K100-gpu2]   [full] Epoch   1/20 | type=0.020 seed=0.031 contrast=0.032 equiv=0.833 pre=0.196 eff=0.730 frame=0.011 cf=1.497 cf_viol=0.969
[K100-gpu2]   [full] Epoch   2/20 | type=0.018 seed=0.032 contrast=0.031 equiv=0.692 pre=0.160 eff=0.555 frame=0.114 cf=1.131 cf_viol=0.916
[K100-gpu2]   [full] Epoch   3/20 | type=0.011 seed=0.021 contrast=0.029 equiv=0.291 pre=0.049 eff=0.184 frame=0.164 cf=0.361 cf_viol=0.593
[K100-gpu2]   [full] Epoch   4/20 | type=0.011 seed=0.012 contrast=0.025 equiv=0.100 pre=0.027 eff=0.044 frame=0.085 cf=0.209 cf_viol=0.317
[K100-gpu2]   [full] Epoch   5/20 | type=0.009 seed=0.006 contrast=0.024 equiv=0.068 pre=0.020 eff=0.028 frame=0.060 cf=0.187 cf_viol=0.264 | F1=0.868 MacroF1=0.849 TypeAcc=0.986 Pred+=0.325 Thr=0.05
[K100-gpu2]   [full] Epoch   6/20 | type=0.007 seed=0.004 contrast=0.023 equiv=0.043 pre=0.014 eff=0.016 frame=0.042 cf=0.174 cf_viol=0.235
[K100-gpu2]   [full] Epoch   7/20 | type=0.005 seed=0.006 contrast=0.022 equiv=0.032 pre=0.008 eff=0.009 frame=0.037 cf=0.169 cf_viol=0.225
[K100-gpu2]   [full] Epoch   8/20 | type=0.004 seed=0.006 contrast=0.022 equiv=0.030 pre=0.006 eff=0.009 frame=0.036 cf=0.167 cf_viol=0.220
[K100-gpu2]   [full] Epoch   9/20 | type=0.003 seed=0.004 contrast=0.022 equiv=0.022 pre=0.005 eff=0.005 frame=0.029 cf=0.164 cf_viol=0.214
[K100-gpu2]   [full] Epoch  10/20 | type=0.003 seed=0.004 contrast=0.022 equiv=0.016 pre=0.002 eff=0.002 frame=0.026 cf=0.161 cf_viol=0.208 | F1=0.919 MacroF1=0.896 TypeAcc=0.995 Pred+=0.294 Thr=0.05
[K100-gpu2]   [full] Epoch  11/20 | type=0.003 seed=0.003 contrast=0.022 equiv=0.014 pre=0.001 eff=0.001 frame=0.024 cf=0.159 cf_viol=0.205
[K100-gpu2]   [full] Epoch  12/20 | type=0.002 seed=0.002 contrast=0.021 equiv=0.013 pre=0.001 eff=0.001 frame=0.023 cf=0.159 cf_viol=0.203
[K100-gpu2]   [full] Epoch  13/20 | type=0.002 seed=0.003 contrast=0.021 equiv=0.013 pre=0.001 eff=0.001 frame=0.022 cf=0.158 cf_viol=0.202
[K100-gpu2]   [full] Epoch  14/20 | type=0.002 seed=0.002 contrast=0.021 equiv=0.011 pre=0.001 eff=0.001 frame=0.020 cf=0.158 cf_viol=0.202
[K100-gpu2]   [full] Epoch  15/20 | type=0.002 seed=0.001 contrast=0.021 equiv=0.010 pre=0.000 eff=0.001 frame=0.018 cf=0.158 cf_viol=0.201 | F1=0.938 MacroF1=0.916 TypeAcc=1.000 Pred+=0.282 Thr=0.05
[K100-gpu2]   [full] Epoch  16/20 | type=0.002 seed=0.001 contrast=0.021 equiv=0.010 pre=0.000 eff=0.001 frame=0.016 cf=0.158 cf_viol=0.201
[K100-gpu2]   [full] Epoch  17/20 | type=0.001 seed=0.001 contrast=0.020 equiv=0.009 pre=0.000 eff=0.001 frame=0.015 cf=0.158 cf_viol=0.201
[K100-gpu2]   [full] Epoch  18/20 | type=0.001 seed=0.001 contrast=0.020 equiv=0.008 pre=0.000 eff=0.001 frame=0.014 cf=0.157 cf_viol=0.201
[K100-gpu2]   [full] Epoch  19/20 | type=0.001 seed=0.001 contrast=0.020 equiv=0.008 pre=0.000 eff=0.001 frame=0.013 cf=0.157 cf_viol=0.200
[K100-gpu2]   [full] Epoch  20/20 | type=0.002 seed=0.001 contrast=0.020 equiv=0.008 pre=0.000 eff=0.001 frame=0.013 cf=0.157 cf_viol=0.200 | F1=0.946 MacroF1=0.925 TypeAcc=0.999 Pred+=0.277 Thr=0.05
[K100-gpu2] 
[K100-gpu2] ==========================================================================================
[K100-gpu2] STRUCTURAL EXPERIMENT: Does action structure improve grounding?
[K100-gpu2]   All conditions use the SAME labeled frames.
[K100-gpu2]   Difference is ONLY in transition constraints.
[K100-gpu2] ==========================================================================================
[K100-gpu2] 
[K100-gpu2] Condition                  F1       EM  TypeAcc        P        R
[K100-gpu2] ------------------------------------------------------------
[K100-gpu2] full                    0.962    0.608    1.000    0.927    0.998
[K100-gpu2] 
[K100-gpu2] ==========================================================================================
[K100-gpu2] FEW-SHOT STRUCTURAL EXPERIMENT (Real DINOv3 Features)
[K100-gpu2]   840 total states, 588 pool for sampling
[K100-gpu2]   4053 transitions, 20 epochs per condition
[K100-gpu2]   Few-shot unit: image
[K100-gpu2]   Transition mask source: state_diff
[K100-gpu2]   Transition warmup epochs: 0
[K100-gpu2]   Conditions: ['full']
[K100-gpu2] ==========================================================================================
[K100-gpu2] 
[K100-gpu2]      K     Unit  Samples   States |           full
[K100-gpu2] --------------------------------------------------
[K100-gpu2]    100    image      100       94 |          0.962
[K100-gpu2] 
[K100-gpu2] Results saved to /home/claudeuser/RL4VLA/PDDL/experiments/oracle_state_diff_legacy_full_k100_e20_alltrans_20260530_230420
