[K20-gpu0] Loading cached DINOv3 features...
[K20-gpu0]   Loaded features from /home/claudeuser/RL4VLA/PDDL/experiments/aepaq_1779595345/features.pt: (7560, 196, 256)
[K20-gpu0] 
[K20-gpu0] Compiling PDDL domain...
[K20-gpu0]   32 atoms, 16 actions
[K20-gpu0] 
[K20-gpu0] Enumerating states...
[K20-gpu0]   840 states, feat_per_state=9
[K20-gpu0]   Val: 1134, Test: 1134, Pool: 5292
[K20-gpu0] 
[K20-gpu0] Preparing transition data...
[K20-gpu0]   Loaded transition cache: experiments/fewshot_transition_cache_state_diff.pt
[K20-gpu0]   Adjacent transitions: 4053
[K20-gpu0]   Random pairs: 0
[K20-gpu0] 
[K20-gpu0] ######################################################################
[K20-gpu0] # FEW-SHOT K=20 labeled visual samples/images
[K20-gpu0] ######################################################################
[K20-gpu0]   Train: 20 visual samples covering 20 states
[K20-gpu0]   Transitions: 4053
[K20-gpu0]   Conditions: ['full']
[K20-gpu0]   Transition mask source: state_diff
[K20-gpu0] 
[K20-gpu0] ============================================================
[K20-gpu0] Condition: full
[K20-gpu0]   C1 + C2 + C3: Pointwise + Equivariance + Counterfactual
[K20-gpu0]   State samples: 20
[K20-gpu0]   Transition samples: 4053
[K20-gpu0]   Model params: {'total': 3508360, 'trainable': 3508360}
[K20-gpu0]   Seed pos_weight: mean=4.37 min=0.67 max=19.00
[K20-gpu0] ============================================================
[K20-gpu0]   [full] Epoch   1/20 | type=0.005 seed=0.008 contrast=0.008 equiv=0.853 pre=0.201 eff=0.748 frame=0.009 cf=1.533 cf_viol=0.992
[K20-gpu0]   [full] Epoch   2/20 | type=0.005 seed=0.008 contrast=0.008 equiv=0.731 pre=0.168 eff=0.599 frame=0.096 cf=1.225 cf_viol=0.962
[K20-gpu0]   [full] Epoch   3/20 | type=0.005 seed=0.007 contrast=0.007 equiv=0.426 pre=0.048 eff=0.320 frame=0.164 cf=0.566 cf_viol=0.793
[K20-gpu0]   [full] Epoch   4/20 | type=0.004 seed=0.007 contrast=0.006 equiv=0.204 pre=0.028 eff=0.116 frame=0.147 cf=0.279 cf_viol=0.474
[K20-gpu0]   [full] Epoch   5/20 | type=0.004 seed=0.006 contrast=0.006 equiv=0.088 pre=0.015 eff=0.030 frame=0.102 cf=0.189 cf_viol=0.271 | F1=0.753 MacroF1=0.742 TypeAcc=0.817 Pred+=0.412 Thr=0.05
[K20-gpu0]   [full] Epoch   6/20 | type=0.004 seed=0.004 contrast=0.006 equiv=0.064 pre=0.010 eff=0.015 frame=0.088 cf=0.182 cf_viol=0.247
[K20-gpu0]   [full] Epoch   7/20 | type=0.004 seed=0.004 contrast=0.006 equiv=0.059 pre=0.006 eff=0.015 frame=0.080 cf=0.176 cf_viol=0.237
[K20-gpu0]   [full] Epoch   8/20 | type=0.004 seed=0.002 contrast=0.005 equiv=0.035 pre=0.005 eff=0.007 frame=0.052 cf=0.169 cf_viol=0.222
[K20-gpu0]   [full] Epoch   9/20 | type=0.003 seed=0.002 contrast=0.005 equiv=0.024 pre=0.003 eff=0.004 frame=0.037 cf=0.166 cf_viol=0.216
[K20-gpu0]   [full] Epoch  10/20 | type=0.003 seed=0.001 contrast=0.005 equiv=0.017 pre=0.002 eff=0.002 frame=0.030 cf=0.163 cf_viol=0.210 | F1=0.910 MacroF1=0.886 TypeAcc=0.991 Pred+=0.297 Thr=0.05
[K20-gpu0]   [full] Epoch  11/20 | type=0.003 seed=0.001 contrast=0.005 equiv=0.016 pre=0.001 eff=0.001 frame=0.027 cf=0.163 cf_viol=0.208
[K20-gpu0]   [full] Epoch  12/20 | type=0.003 seed=0.001 contrast=0.005 equiv=0.014 pre=0.001 eff=0.001 frame=0.026 cf=0.162 cf_viol=0.206
[K20-gpu0]   [full] Epoch  13/20 | type=0.003 seed=0.001 contrast=0.005 equiv=0.013 pre=0.001 eff=0.001 frame=0.025 cf=0.162 cf_viol=0.206
[K20-gpu0]   [full] Epoch  14/20 | type=0.003 seed=0.001 contrast=0.005 equiv=0.013 pre=0.001 eff=0.001 frame=0.023 cf=0.161 cf_viol=0.204
[K20-gpu0]   [full] Epoch  15/20 | type=0.003 seed=0.001 contrast=0.005 equiv=0.012 pre=0.000 eff=0.001 frame=0.023 cf=0.161 cf_viol=0.204 | F1=0.931 MacroF1=0.908 TypeAcc=0.996 Pred+=0.285 Thr=0.05
[K20-gpu0]   [full] Epoch  16/20 | type=0.002 seed=0.001 contrast=0.005 equiv=0.012 pre=0.000 eff=0.001 frame=0.022 cf=0.161 cf_viol=0.204
[K20-gpu0]   [full] Epoch  17/20 | type=0.002 seed=0.001 contrast=0.005 equiv=0.012 pre=0.000 eff=0.001 frame=0.022 cf=0.161 cf_viol=0.204
[K20-gpu0]   [full] Epoch  18/20 | type=0.002 seed=0.001 contrast=0.005 equiv=0.011 pre=0.000 eff=0.001 frame=0.021 cf=0.161 cf_viol=0.203
[K20-gpu0]   [full] Epoch  19/20 | type=0.002 seed=0.001 contrast=0.005 equiv=0.011 pre=0.000 eff=0.001 frame=0.021 cf=0.161 cf_viol=0.203
[K20-gpu0]   [full] Epoch  20/20 | type=0.002 seed=0.001 contrast=0.005 equiv=0.011 pre=0.000 eff=0.001 frame=0.021 cf=0.161 cf_viol=0.203 | F1=0.934 MacroF1=0.910 TypeAcc=0.994 Pred+=0.283 Thr=0.05
[K20-gpu0] 
[K20-gpu0] ==========================================================================================
[K20-gpu0] STRUCTURAL EXPERIMENT: Does action structure improve grounding?
[K20-gpu0]   All conditions use the SAME labeled frames.
[K20-gpu0]   Difference is ONLY in transition constraints.
[K20-gpu0] ==========================================================================================
[K20-gpu0] 
[K20-gpu0] Condition                  F1       EM  TypeAcc        P        R
[K20-gpu0] ------------------------------------------------------------
[K20-gpu0] full                    0.955    0.539    0.999    0.917    0.998
[K20-gpu0] 
[K20-gpu0] ==========================================================================================
[K20-gpu0] FEW-SHOT STRUCTURAL EXPERIMENT (Real DINOv3 Features)
[K20-gpu0]   840 total states, 588 pool for sampling
[K20-gpu0]   4053 transitions, 20 epochs per condition
[K20-gpu0]   Few-shot unit: image
[K20-gpu0]   Transition mask source: state_diff
[K20-gpu0]   Transition warmup epochs: 0
[K20-gpu0]   Conditions: ['full']
[K20-gpu0] ==========================================================================================
[K20-gpu0] 
[K20-gpu0]      K     Unit  Samples   States |           full
[K20-gpu0] --------------------------------------------------
[K20-gpu0]     20    image       20       20 |          0.955
[K20-gpu0] 
[K20-gpu0] Results saved to /home/claudeuser/RL4VLA/PDDL/experiments/oracle_state_diff_legacy_full_k20_e20_alltrans_20260530_230420
