[K200-gpu3] Loading cached DINOv3 features...
[K200-gpu3]   Loaded features from /home/claudeuser/RL4VLA/PDDL/experiments/aepaq_1779595345/features.pt: (7560, 196, 256)
[K200-gpu3] 
[K200-gpu3] Compiling PDDL domain...
[K200-gpu3]   32 atoms, 16 actions
[K200-gpu3] 
[K200-gpu3] Enumerating states...
[K200-gpu3]   840 states, feat_per_state=9
[K200-gpu3]   Val: 1134, Test: 1134, Pool: 5292
[K200-gpu3] 
[K200-gpu3] Preparing transition data...
[K200-gpu3]   Loaded transition cache: experiments/fewshot_transition_cache_state_diff.pt
[K200-gpu3]   Adjacent transitions: 4053
[K200-gpu3]   Random pairs: 0
[K200-gpu3] 
[K200-gpu3] ######################################################################
[K200-gpu3] # FEW-SHOT K=200 labeled visual samples/images
[K200-gpu3] ######################################################################
[K200-gpu3]   Train: 200 visual samples covering 171 states
[K200-gpu3]   Transitions: 4053
[K200-gpu3]   Conditions: ['full']
[K200-gpu3]   Transition mask source: state_diff
[K200-gpu3] 
[K200-gpu3] ============================================================
[K200-gpu3] Condition: full
[K200-gpu3]   C1 + C2 + C3: Pointwise + Equivariance + Counterfactual
[K200-gpu3]   State samples: 200
[K200-gpu3]   Transition samples: 4053
[K200-gpu3]   Model params: {'total': 3508360, 'trainable': 3508360}
[K200-gpu3]   Seed pos_weight: mean=3.95 min=0.72 max=8.52
[K200-gpu3] ============================================================
[K200-gpu3]   [full] Epoch   1/20 | type=0.033 seed=0.054 contrast=0.054 equiv=0.814 pre=0.190 eff=0.713 frame=0.012 cf=1.462 cf_viol=0.948
[K200-gpu3]   [full] Epoch   2/20 | type=0.020 seed=0.054 contrast=0.054 equiv=0.756 pre=0.183 eff=0.610 frame=0.109 cf=1.215 cf_viol=0.928
[K200-gpu3]   [full] Epoch   3/20 | type=0.012 seed=0.040 contrast=0.050 equiv=0.440 pre=0.085 eff=0.307 frame=0.180 cf=0.565 cf_viol=0.747
[K200-gpu3]   [full] Epoch   4/20 | type=0.009 seed=0.028 contrast=0.046 equiv=0.161 pre=0.035 eff=0.086 frame=0.115 cf=0.242 cf_viol=0.405
[K200-gpu3]   [full] Epoch   5/20 | type=0.008 seed=0.013 contrast=0.045 equiv=0.061 pre=0.018 eff=0.025 frame=0.054 cf=0.179 cf_viol=0.254 | F1=0.838 MacroF1=0.821 TypeAcc=1.000 Pred+=0.345 Thr=0.05
[K200-gpu3]   [full] Epoch   6/20 | type=0.004 seed=0.009 contrast=0.045 equiv=0.041 pre=0.013 eff=0.014 frame=0.041 cf=0.169 cf_viol=0.232
[K200-gpu3]   [full] Epoch   7/20 | type=0.003 seed=0.008 contrast=0.044 equiv=0.038 pre=0.009 eff=0.015 frame=0.036 cf=0.166 cf_viol=0.224
[K200-gpu3]   [full] Epoch   8/20 | type=0.002 seed=0.008 contrast=0.045 equiv=0.025 pre=0.006 eff=0.007 frame=0.031 cf=0.161 cf_viol=0.213
[K200-gpu3]   [full] Epoch   9/20 | type=0.002 seed=0.007 contrast=0.045 equiv=0.017 pre=0.003 eff=0.003 frame=0.026 cf=0.157 cf_viol=0.205
[K200-gpu3]   [full] Epoch  10/20 | type=0.002 seed=0.006 contrast=0.045 equiv=0.015 pre=0.002 eff=0.002 frame=0.023 cf=0.156 cf_viol=0.201 | F1=0.927 MacroF1=0.904 TypeAcc=0.997 Pred+=0.288 Thr=0.05
[K200-gpu3]   [full] Epoch  11/20 | type=0.002 seed=0.004 contrast=0.045 equiv=0.013 pre=0.001 eff=0.002 frame=0.020 cf=0.155 cf_viol=0.199
[K200-gpu3]   [full] Epoch  12/20 | type=0.001 seed=0.002 contrast=0.044 equiv=0.009 pre=0.001 eff=0.002 frame=0.015 cf=0.155 cf_viol=0.198
[K200-gpu3]   [full] Epoch  13/20 | type=0.001 seed=0.002 contrast=0.043 equiv=0.009 pre=0.001 eff=0.002 frame=0.013 cf=0.155 cf_viol=0.199
[K200-gpu3]   [full] Epoch  14/20 | type=0.001 seed=0.002 contrast=0.041 equiv=0.007 pre=0.000 eff=0.001 frame=0.011 cf=0.154 cf_viol=0.196
[K200-gpu3]   [full] Epoch  15/20 | type=0.001 seed=0.001 contrast=0.040 equiv=0.006 pre=0.000 eff=0.001 frame=0.010 cf=0.154 cf_viol=0.195 | F1=0.963 MacroF1=0.947 TypeAcc=0.999 Pred+=0.268 Thr=0.05
[K200-gpu3]   [full] Epoch  16/20 | type=0.001 seed=0.001 contrast=0.040 equiv=0.005 pre=0.000 eff=0.001 frame=0.009 cf=0.154 cf_viol=0.194
[K200-gpu3]   [full] Epoch  17/20 | type=0.001 seed=0.001 contrast=0.040 equiv=0.005 pre=0.000 eff=0.001 frame=0.008 cf=0.154 cf_viol=0.194
[K200-gpu3]   [full] Epoch  18/20 | type=0.001 seed=0.001 contrast=0.040 equiv=0.004 pre=0.000 eff=0.001 frame=0.008 cf=0.153 cf_viol=0.193
[K200-gpu3]   [full] Epoch  19/20 | type=0.001 seed=0.001 contrast=0.040 equiv=0.004 pre=0.000 eff=0.001 frame=0.007 cf=0.153 cf_viol=0.194
[K200-gpu3]   [full] Epoch  20/20 | type=0.001 seed=0.001 contrast=0.040 equiv=0.004 pre=0.000 eff=0.001 frame=0.007 cf=0.153 cf_viol=0.194 | F1=0.967 MacroF1=0.953 TypeAcc=1.000 Pred+=0.265 Thr=0.05
[K200-gpu3] 
[K200-gpu3] ==========================================================================================
[K200-gpu3] STRUCTURAL EXPERIMENT: Does action structure improve grounding?
[K200-gpu3]   All conditions use the SAME labeled frames.
[K200-gpu3]   Difference is ONLY in transition constraints.
[K200-gpu3] ==========================================================================================
[K200-gpu3] 
[K200-gpu3] Condition                  F1       EM  TypeAcc        P        R
[K200-gpu3] ------------------------------------------------------------
[K200-gpu3] full                    0.982    0.839    1.000    0.966    0.998
[K200-gpu3] 
[K200-gpu3] ==========================================================================================
[K200-gpu3] FEW-SHOT STRUCTURAL EXPERIMENT (Real DINOv3 Features)
[K200-gpu3]   840 total states, 588 pool for sampling
[K200-gpu3]   4053 transitions, 20 epochs per condition
[K200-gpu3]   Few-shot unit: image
[K200-gpu3]   Transition mask source: state_diff
[K200-gpu3]   Transition warmup epochs: 0
[K200-gpu3]   Conditions: ['full']
[K200-gpu3] ==========================================================================================
[K200-gpu3] 
[K200-gpu3]      K     Unit  Samples   States |           full
[K200-gpu3] --------------------------------------------------
[K200-gpu3]    200    image      200      171 |          0.982
[K200-gpu3] 
[K200-gpu3] Results saved to /home/claudeuser/RL4VLA/PDDL/experiments/oracle_state_diff_legacy_full_k200_e20_alltrans_20260530_230420
