[quick-pddl] Loading cached DINOv3 features...
[quick-pddl]   Loaded features from /home/claudeuser/RL4VLA/PDDL/experiments/aepaq_1779595345/features.pt: (7560, 196, 256)
[quick-pddl] 
[quick-pddl] Compiling PDDL domain...
[quick-pddl]   32 atoms, 16 actions
[quick-pddl] 
[quick-pddl] Enumerating states...
[quick-pddl]   840 states, feat_per_state=9
[quick-pddl]   Val: 1134, Test: 1134, Pool: 5292
[quick-pddl] 
[quick-pddl] Preparing transition data...
[quick-pddl]   Building transition cache...
[quick-pddl]   Adjacent transitions: 4053
[quick-pddl]   Random pairs: 0
[quick-pddl]   Transition masks (pddl): pre=1.00 add=2.00 del=0.00 frame=30.00
[quick-pddl]   Saved transition cache: experiments/fewshot_transition_cache_pddl_quick.pt
[quick-pddl]   Adjacent transitions: 4053
[quick-pddl]   Random pairs: 0
[quick-pddl] 
[quick-pddl] ######################################################################
[quick-pddl] # FEW-SHOT K=20 labeled visual samples/images
[quick-pddl] ######################################################################
[quick-pddl]   Train: 20 visual samples covering 20 states
[quick-pddl]   Transitions: 4053
[quick-pddl]   Conditions: ['static', 'adjacent', 'full']
[quick-pddl]   Transition mask source: pddl
[quick-pddl] 
[quick-pddl] ============================================================
[quick-pddl] Condition: static
[quick-pddl]   C1: Pointwise Correctness only
[quick-pddl]   State samples: 20
[quick-pddl]   Transition samples: 0
[quick-pddl]   Model params: {'total': 3081093, 'trainable': 3081093}
[quick-pddl]   Seed pos_weight: mean=4.37 min=0.67 max=19.00
[quick-pddl] ============================================================
[quick-pddl]   [static] Epoch   1/5 | type=0.693 seed=1.044 contrast=1.044
[quick-pddl]   [static] Epoch   2/5 | type=0.679 seed=1.040 contrast=1.029
[quick-pddl]   [static] Epoch   3/5 | type=0.664 seed=1.040 contrast=1.012
[quick-pddl]   [static] Epoch   4/5 | type=0.652 seed=1.039 contrast=0.997
[quick-pddl]   [static] Epoch   5/5 | type=0.648 seed=1.038 contrast=0.989 | F1=0.400 MacroF1=0.386 TypeAcc=0.898 Pred+=1.000 Thr=0.05
[quick-pddl] 
[quick-pddl] ============================================================
[quick-pddl] Condition: adjacent
[quick-pddl]   C1 + C2: Pointwise + Action Equivariance
[quick-pddl]   State samples: 20
[quick-pddl]   Transition samples: 4053
[quick-pddl]   Model params: {'total': 3081093, 'trainable': 3081093}
[quick-pddl]   Seed pos_weight: mean=4.37 min=0.67 max=19.00
[quick-pddl] ============================================================
[quick-pddl]   [adjacent] Epoch   1/5 | type=0.005 seed=0.008 contrast=0.008 equiv=0.063 pre=0.042 eff=0.042 frame=0.000
[quick-pddl]   [adjacent] Epoch   2/5 | type=0.006 seed=0.108 contrast=0.008 equiv=0.004 pre=0.001 eff=0.003 frame=0.000
[quick-pddl]   [adjacent] Epoch   3/5 | type=0.005 seed=0.043 contrast=0.008 equiv=0.005 pre=0.001 eff=0.005 frame=0.000
[quick-pddl]   [adjacent] Epoch   4/5 | type=0.005 seed=0.035 contrast=0.008 equiv=0.004 pre=0.001 eff=0.004 frame=0.000
[quick-pddl]   [adjacent] Epoch   5/5 | type=0.005 seed=0.031 contrast=0.008 equiv=0.003 pre=0.000 eff=0.003 frame=0.000 | F1=0.400 MacroF1=0.386 TypeAcc=1.000 Pred+=1.000 Thr=0.05
[quick-pddl] 
[quick-pddl] ============================================================
[quick-pddl] Condition: full
[quick-pddl]   C1 + C2 + C3: Pointwise + Equivariance + Counterfactual
[quick-pddl]   State samples: 20
[quick-pddl]   Transition samples: 4053
[quick-pddl]   Model params: {'total': 3081093, 'trainable': 3081093}
[quick-pddl]   Seed pos_weight: mean=4.37 min=0.67 max=19.00
[quick-pddl] ============================================================
[quick-pddl]   [full] Epoch   1/5 | type=0.005 seed=0.008 contrast=0.008 equiv=0.063 pre=0.042 eff=0.043 frame=0.000 cf=0.992 cf_viol=0.992
[quick-pddl]   [full] Epoch   2/5 | type=0.005 seed=0.095 contrast=0.008 equiv=0.004 pre=0.001 eff=0.004 frame=0.000 cf=0.992 cf_viol=0.992
[quick-pddl]   [full] Epoch   3/5 | type=0.005 seed=0.040 contrast=0.008 equiv=0.005 pre=0.001 eff=0.005 frame=0.000 cf=0.992 cf_viol=0.992
[quick-pddl]   [full] Epoch   4/5 | type=0.004 seed=0.034 contrast=0.008 equiv=0.004 pre=0.001 eff=0.004 frame=0.000 cf=0.992 cf_viol=0.992
[quick-pddl]   [full] Epoch   5/5 | type=0.004 seed=0.030 contrast=0.008 equiv=0.003 pre=0.000 eff=0.003 frame=0.000 cf=0.992 cf_viol=0.992 | F1=0.400 MacroF1=0.386 TypeAcc=1.000 Pred+=1.000 Thr=0.05
[quick-pddl] 
[quick-pddl] ==========================================================================================
[quick-pddl] STRUCTURAL EXPERIMENT: Does action structure improve grounding?
[quick-pddl]   All conditions use the SAME labeled frames.
[quick-pddl]   Difference is ONLY in transition constraints.
[quick-pddl] ==========================================================================================
[quick-pddl] 
[quick-pddl] Condition                  F1       EM  TypeAcc        P        R
[quick-pddl] ------------------------------------------------------------
[quick-pddl] static                  0.400    0.000    0.921    0.250    1.000
[quick-pddl] adjacent                0.400    0.000    1.000    0.250    1.000
[quick-pddl] full                    0.400    0.000    1.000    0.250    1.000
[quick-pddl] 
[quick-pddl] Improvement over Static Grounding:
[quick-pddl]   adjacent             ΔF1 = +0.000  (+0.0%)
[quick-pddl]   full                 ΔF1 = +0.000  (+0.0%)
[quick-pddl] 
[quick-pddl] ==========================================================================================
[quick-pddl] FEW-SHOT STRUCTURAL EXPERIMENT (Real DINOv3 Features)
[quick-pddl]   840 total states, 588 pool for sampling
[quick-pddl]   4053 transitions, 5 epochs per condition
[quick-pddl]   Few-shot unit: image
[quick-pddl]   Transition mask source: pddl
[quick-pddl]   Conditions: ['static', 'adjacent', 'full']
[quick-pddl] ==========================================================================================
[quick-pddl] 
[quick-pddl]      K     Unit  Samples   States |         static |       adjacent |           full |  Δ(adj-st) Δ(full-st)
[quick-pddl] ------------------------------------------------------------------------------------------------------------
[quick-pddl]     20    image       20       20 |          0.400 |          0.400 |          0.400 |     +0.000     +0.000
[quick-pddl] 
[quick-pddl] Results saved to /home/claudeuser/RL4VLA/PDDL/experiments/quick_real_dinov3_pddl_20260530_190832
