[legacy-pddl_conservative] Loading cached DINOv3 features...
[legacy-pddl_conservative]   Loaded features from /home/claudeuser/RL4VLA/PDDL/experiments/aepaq_1779595345/features.pt: (7560, 196, 256)
[legacy-pddl_conservative] 
[legacy-pddl_conservative] Compiling PDDL domain...
[legacy-pddl_conservative]   32 atoms, 16 actions
[legacy-pddl_conservative] 
[legacy-pddl_conservative] Enumerating states...
[legacy-pddl_conservative]   840 states, feat_per_state=9
[legacy-pddl_conservative]   Val: 1134, Test: 1134, Pool: 5292
[legacy-pddl_conservative] 
[legacy-pddl_conservative] Preparing transition data...
[legacy-pddl_conservative]   Loaded transition cache: experiments/fewshot_transition_cache_pddl_conservative.pt
[legacy-pddl_conservative]   Adjacent transitions: 4053
[legacy-pddl_conservative]   Random pairs: 0
[legacy-pddl_conservative]   Transition samples used per epoch: adjacent=1024 random=0
[legacy-pddl_conservative] 
[legacy-pddl_conservative] ######################################################################
[legacy-pddl_conservative] # FEW-SHOT K=20 labeled visual samples/images
[legacy-pddl_conservative] ######################################################################
[legacy-pddl_conservative]   Train: 20 visual samples covering 20 states
[legacy-pddl_conservative]   Transitions: 1024
[legacy-pddl_conservative]   Conditions: ['adjacent', 'full']
[legacy-pddl_conservative]   Transition mask source: pddl_conservative
[legacy-pddl_conservative] 
[legacy-pddl_conservative] ============================================================
[legacy-pddl_conservative] Condition: adjacent
[legacy-pddl_conservative]   C1 + C2: Pointwise + Action Equivariance
[legacy-pddl_conservative]   State samples: 20
[legacy-pddl_conservative]   Transition samples: 1024
[legacy-pddl_conservative]   Model params: {'total': 3508360, 'trainable': 3508360}
[legacy-pddl_conservative]   Seed pos_weight: mean=0.98 min=0.67 max=1.00
[legacy-pddl_conservative] ============================================================
[legacy-pddl_conservative]   [adjacent] Epoch   1/30 | type=0.021 seed=0.021 contrast=0.032 equiv=0.262 pre=0.153 eff=0.186 frame=0.000
[legacy-pddl_conservative]   [adjacent] Epoch   2/30 | type=0.021 seed=0.250 contrast=0.032 equiv=0.004 pre=0.002 eff=0.003 frame=0.000
[legacy-pddl_conservative]   [adjacent] Epoch   3/30 | type=0.021 seed=0.108 contrast=0.032 equiv=0.027 pre=0.003 eff=0.025 frame=0.000
[legacy-pddl_conservative]   [adjacent] Epoch   4/30 | type=0.021 seed=0.092 contrast=0.032 equiv=0.025 pre=0.003 eff=0.024 frame=0.000
[legacy-pddl_conservative]   [adjacent] Epoch   5/30 | type=0.021 seed=0.091 contrast=0.032 equiv=0.025 pre=0.002 eff=0.024 frame=0.000 | F1=0.400 MacroF1=0.386 TypeAcc=0.710 Pred+=1.000 Thr=0.05
[legacy-pddl_conservative]   [adjacent] Epoch   6/30 | type=0.020 seed=0.089 contrast=0.031 equiv=0.025 pre=0.002 eff=0.024 frame=0.000
[legacy-pddl_conservative]   [adjacent] Epoch   7/30 | type=0.020 seed=0.087 contrast=0.030 equiv=0.024 pre=0.002 eff=0.023 frame=0.000
[legacy-pddl_conservative]   [adjacent] Epoch   8/30 | type=0.019 seed=0.085 contrast=0.029 equiv=0.023 pre=0.002 eff=0.022 frame=0.000
[legacy-pddl_conservative]   [adjacent] Epoch   9/30 | type=0.016 seed=0.083 contrast=0.027 equiv=0.020 pre=0.002 eff=0.019 frame=0.000
[legacy-pddl_conservative]   [adjacent] Epoch  10/30 | type=0.012 seed=0.079 contrast=0.024 equiv=0.014 pre=0.003 eff=0.013 frame=0.000 | F1=0.400 MacroF1=0.386 TypeAcc=1.000 Pred+=1.000 Thr=0.05
[legacy-pddl_conservative]   [adjacent] Epoch  11/30 | type=0.007 seed=0.076 contrast=0.021 equiv=0.013 pre=0.002 eff=0.012 frame=0.000
[legacy-pddl_conservative]   [adjacent] Epoch  12/30 | type=0.007 seed=0.067 contrast=0.021 equiv=0.013 pre=0.002 eff=0.012 frame=0.000
[legacy-pddl_conservative]   [adjacent] Epoch  13/30 | type=0.006 seed=0.066 contrast=0.021 equiv=0.013 pre=0.002 eff=0.012 frame=0.000
[legacy-pddl_conservative]   [adjacent] Epoch  14/30 | type=0.006 seed=0.064 contrast=0.021 equiv=0.013 pre=0.002 eff=0.012 frame=0.000
[legacy-pddl_conservative]   [adjacent] Epoch  15/30 | type=0.005 seed=0.063 contrast=0.021 equiv=0.013 pre=0.002 eff=0.012 frame=0.000 | F1=0.400 MacroF1=0.386 TypeAcc=1.000 Pred+=1.000 Thr=0.05
[legacy-pddl_conservative]   [adjacent] Epoch  16/30 | type=0.005 seed=0.062 contrast=0.021 equiv=0.013 pre=0.002 eff=0.012 frame=0.000
[legacy-pddl_conservative]   [adjacent] Epoch  17/30 | type=0.004 seed=0.061 contrast=0.021 equiv=0.013 pre=0.002 eff=0.012 frame=0.000
[legacy-pddl_conservative]   [adjacent] Epoch  18/30 | type=0.004 seed=0.061 contrast=0.021 equiv=0.013 pre=0.002 eff=0.012 frame=0.000
[legacy-pddl_conservative]   [adjacent] Epoch  19/30 | type=0.004 seed=0.060 contrast=0.021 equiv=0.013 pre=0.002 eff=0.012 frame=0.000
[legacy-pddl_conservative]   [adjacent] Epoch  20/30 | type=0.004 seed=0.060 contrast=0.021 equiv=0.013 pre=0.002 eff=0.012 frame=0.000 | F1=0.400 MacroF1=0.386 TypeAcc=1.000 Pred+=1.000 Thr=0.05
[legacy-pddl_conservative]   [adjacent] Epoch  21/30 | type=0.004 seed=0.059 contrast=0.021 equiv=0.012 pre=0.002 eff=0.012 frame=0.000
[legacy-pddl_conservative]   [adjacent] Epoch  22/30 | type=0.004 seed=0.059 contrast=0.021 equiv=0.012 pre=0.002 eff=0.012 frame=0.000
[legacy-pddl_conservative]   [adjacent] Epoch  23/30 | type=0.004 seed=0.058 contrast=0.021 equiv=0.012 pre=0.002 eff=0.011 frame=0.000
[legacy-pddl_conservative]   [adjacent] Epoch  24/30 | type=0.003 seed=0.058 contrast=0.021 equiv=0.012 pre=0.002 eff=0.011 frame=0.000
[legacy-pddl_conservative]   [adjacent] Epoch  25/30 | type=0.004 seed=0.057 contrast=0.021 equiv=0.012 pre=0.002 eff=0.011 frame=0.000 | F1=0.400 MacroF1=0.386 TypeAcc=1.000 Pred+=1.000 Thr=0.05
[legacy-pddl_conservative]   [adjacent] Epoch  26/30 | type=0.004 seed=0.057 contrast=0.021 equiv=0.012 pre=0.002 eff=0.011 frame=0.000
[legacy-pddl_conservative]   [adjacent] Epoch  27/30 | type=0.003 seed=0.057 contrast=0.021 equiv=0.012 pre=0.002 eff=0.011 frame=0.000
[legacy-pddl_conservative]   [adjacent] Epoch  28/30 | type=0.004 seed=0.056 contrast=0.021 equiv=0.012 pre=0.002 eff=0.011 frame=0.000
[legacy-pddl_conservative]   [adjacent] Epoch  29/30 | type=0.004 seed=0.056 contrast=0.021 equiv=0.012 pre=0.002 eff=0.011 frame=0.000
[legacy-pddl_conservative]   [adjacent] Epoch  30/30 | type=0.004 seed=0.056 contrast=0.021 equiv=0.012 pre=0.002 eff=0.011 frame=0.000 | F1=0.400 MacroF1=0.386 TypeAcc=1.000 Pred+=1.000 Thr=0.05
[legacy-pddl_conservative] 
[legacy-pddl_conservative] ============================================================
[legacy-pddl_conservative] Condition: full
[legacy-pddl_conservative]   C1 + C2 + C3: Pointwise + Equivariance + Counterfactual
[legacy-pddl_conservative]   State samples: 20
[legacy-pddl_conservative]   Transition samples: 1024
[legacy-pddl_conservative]   Model params: {'total': 3508360, 'trainable': 3508360}
[legacy-pddl_conservative]   Seed pos_weight: mean=0.98 min=0.67 max=1.00
[legacy-pddl_conservative] ============================================================
